#
# There is insufficient memory for the Java Runtime Environment to continue.
# Native memory allocation (mmap) failed to map 79691776 bytes for G1 virtual space
# Possible reasons:
#   The system is out of physical RAM or swap space
#   The process is running with CompressedOops enabled, and the Java Heap may be blocking the growth of the native heap
# Possible solutions:
#   Reduce memory load on the system
#   Increase physical memory or swap space
#   Check if swap backing store is full
#   Decrease Java heap size (-Xmx/-Xms)
#   Decrease number of Java threads
#   Decrease Java thread stack sizes (-Xss)
#   Set larger code cache with -XX:ReservedCodeCacheSize=
#   JVM is running with Zero Based Compressed Oops mode in which the Java heap is
#     placed in the first 32GB address space. The Java Heap base address is the
#     maximum limit for the native heap growth. Please use -XX:HeapBaseMinAddress
#     to set the Java Heap base and to place the Java Heap above 32GB virtual address.
# This output file may be truncated or incomplete.
#
#  Out of Memory Error (os_windows.cpp:3613), pid=5424, tid=11320
#
# JRE version: OpenJDK Runtime Environment Temurin-17.0.9+9 (17.0.9+9) (build 17.0.9+9)
# Java VM: OpenJDK 64-Bit Server VM Temurin-17.0.9+9 (17.0.9+9, mixed mode, emulated-client, tiered, compressed oops, compressed class ptrs, g1 gc, windows-amd64)
# No core dump will be written. Minidumps are not enabled by default on client versions of Windows
#

---------------  S U M M A R Y ------------

Command Line: -Dcom.sun.management.jmxremote -Dcom.sun.management.jmxremote.port=51311 -Dcom.sun.management.jmxremote.authenticate=false -Dcom.sun.management.jmxremote.ssl=false -Djava.rmi.server.hostname=localhost -Dspring.jmx.enabled=true -Dmanagement.endpoints.jmx.exposure.include=* -Dspring.application.admin.enabled=true -XX:TieredStopAtLevel=1 -Dspring.boot.project.name=UniversityService -Dfile.encoding=UTF-8 -Dstdout.encoding=UTF-8 -Dstderr.encoding=UTF-8 -XX:+ShowCodeDetailsInExceptionMessages com.eidiko.EidikoUniversityApplication --spring.output.ansi.enabled=always

Host: Intel(R) Core(TM) i5-10500 CPU @ 3.10GHz, 3 cores, 9G,  Windows 10 , 64 bit Build 19041 (10.0.19041.3636)
Time: Thu Jun 27 06:43:00 2024 US Eastern Daylight Time elapsed time: 278.766081 seconds (0d 0h 4m 38s)

---------------  T H R E A D  ---------------

Current thread (0x00000255aee49cb0):  VMThread "VM Thread" [stack: 0x000000da85600000,0x000000da85700000] [id=11320]

Stack: [0x000000da85600000,0x000000da85700000]
Native frames: (J=compiled Java code, j=interpreted, Vv=VM code, C=native code)
V  [jvm.dll+0x67cf49]
V  [jvm.dll+0x83478a]
V  [jvm.dll+0x83624e]
V  [jvm.dll+0x8368b3]
V  [jvm.dll+0x247f1f]
V  [jvm.dll+0x679d69]
V  [jvm.dll+0x66e6ba]
V  [jvm.dll+0x307e5b]
V  [jvm.dll+0x30f306]
V  [jvm.dll+0x35f0ce]
V  [jvm.dll+0x35f2ff]
V  [jvm.dll+0x2dea58]
V  [jvm.dll+0x2dcc34]
V  [jvm.dll+0x2dc23c]
V  [jvm.dll+0x3202bb]
V  [jvm.dll+0x83adab]
V  [jvm.dll+0x83baf1]
V  [jvm.dll+0x83c00d]
V  [jvm.dll+0x83c3e4]
V  [jvm.dll+0x83c4b0]
V  [jvm.dll+0x7e3c3a]
V  [jvm.dll+0x67be35]
C  [ucrtbase.dll+0x21bb2]
C  [KERNEL32.DLL+0x17344]
C  [ntdll.dll+0x4cc91]

VM_Operation (0x000000da877f6df0): G1CollectForAllocation, mode: safepoint, requested by thread 0x00000255bb087840


---------------  P R O C E S S  ---------------

Threads class SMR info:
_java_thread_list=0x00000255bbc56980, length=37, elements={
0x00000255b3013620, 0x00000255aee251a0, 0x00000255aee6e4e0, 0x00000255b301df90,
0x00000255b301f0f0, 0x00000255b3021ac0, 0x00000255b3022c20, 0x00000255b30309d0,
0x00000255aedc6490, 0x00000255b31f9820, 0x00000255b3864d00, 0x00000255b38ad110,
0x00000255b38ada40, 0x00000255b413d580, 0x00000255b4157760, 0x00000255b4156320,
0x00000255b4157c70, 0x00000255b4156d40, 0x00000255b4158180, 0x00000255b4154ee0,
0x00000255b4158690, 0x00000255b4157250, 0x00000255bb087840, 0x00000255bb086e20,
0x00000255bb086910, 0x00000255bb08a5d0, 0x00000255bb0896a0, 0x00000255bb084ab0,
0x00000255bb088770, 0x00000255bb088260, 0x00000255bb088c80, 0x00000255bb087330,
0x00000255bb085ef0, 0x00000255bb087d50, 0x00000255bb08b500, 0x00000255bb084090,
0x00000255bb089bb0
}

Java Threads: ( => current thread )
  0x00000255b3013620 JavaThread "Reference Handler" daemon [_thread_blocked, id=11324, stack(0x000000da85700000,0x000000da85800000)]
  0x00000255aee251a0 JavaThread "Finalizer" daemon [_thread_blocked, id=11328, stack(0x000000da85800000,0x000000da85900000)]
  0x00000255aee6e4e0 JavaThread "Signal Dispatcher" daemon [_thread_blocked, id=11332, stack(0x000000da85900000,0x000000da85a00000)]
  0x00000255b301df90 JavaThread "Attach Listener" daemon [_thread_blocked, id=11336, stack(0x000000da85a00000,0x000000da85b00000)]
  0x00000255b301f0f0 JavaThread "Service Thread" daemon [_thread_blocked, id=11340, stack(0x000000da85b00000,0x000000da85c00000)]
  0x00000255b3021ac0 JavaThread "Monitor Deflation Thread" daemon [_thread_blocked, id=11344, stack(0x000000da85c00000,0x000000da85d00000)]
  0x00000255b3022c20 JavaThread "C1 CompilerThread0" daemon [_thread_blocked, id=11348, stack(0x000000da85d00000,0x000000da85e00000)]
  0x00000255b30309d0 JavaThread "Sweeper thread" daemon [_thread_blocked, id=11352, stack(0x000000da85e00000,0x000000da85f00000)]
  0x00000255aedc6490 JavaThread "Common-Cleaner" daemon [_thread_blocked, id=11356, stack(0x000000da85f00000,0x000000da86000000)]
  0x00000255b31f9820 JavaThread "Notification Thread" daemon [_thread_blocked, id=11364, stack(0x000000da86100000,0x000000da86200000)]
  0x00000255b3864d00 JavaThread "RMI TCP Accept-0" daemon [_thread_in_native, id=11384, stack(0x000000da86500000,0x000000da86600000)]
  0x00000255b38ad110 JavaThread "RMI TCP Accept-51311" daemon [_thread_in_native, id=11388, stack(0x000000da86600000,0x000000da86700000)]
  0x00000255b38ada40 JavaThread "RMI TCP Accept-0" daemon [_thread_in_native, id=11392, stack(0x000000da86700000,0x000000da86800000)]
  0x00000255b413d580 JavaThread "RMI Scheduler(0)" daemon [_thread_blocked, id=11404, stack(0x000000da86a00000,0x000000da86b00000)]
  0x00000255b4157760 JavaThread "JMX server connection timeout 23" daemon [_thread_blocked, id=11432, stack(0x000000da86e00000,0x000000da86f00000)]
  0x00000255b4156320 JavaThread "mysql-cj-abandoned-connection-cleanup" daemon [_thread_blocked, id=11468, stack(0x000000da86f00000,0x000000da87000000)]
  0x00000255b4157c70 JavaThread "HikariPool-1 housekeeper" daemon [_thread_blocked, id=11488, stack(0x000000da87100000,0x000000da87200000)]
  0x00000255b4156d40 JavaThread "Catalina-utility-1" [_thread_blocked, id=11596, stack(0x000000da87200000,0x000000da87300000)]
  0x00000255b4158180 JavaThread "Catalina-utility-2" [_thread_blocked, id=11600, stack(0x000000da87300000,0x000000da87400000)]
  0x00000255b4154ee0 JavaThread "http-nio-8080-exec-1" daemon [_thread_blocked, id=11604, stack(0x000000da87400000,0x000000da87500000)]
  0x00000255b4158690 JavaThread "http-nio-8080-exec-2" daemon [_thread_blocked, id=11608, stack(0x000000da87500000,0x000000da87600000)]
  0x00000255b4157250 JavaThread "http-nio-8080-exec-3" daemon [_thread_blocked, id=11612, stack(0x000000da87600000,0x000000da87700000)]
  0x00000255bb087840 JavaThread "http-nio-8080-exec-4" daemon [_thread_blocked, id=11616, stack(0x000000da87700000,0x000000da87800000)]
  0x00000255bb086e20 JavaThread "http-nio-8080-exec-5" daemon [_thread_blocked, id=11620, stack(0x000000da87800000,0x000000da87900000)]
  0x00000255bb086910 JavaThread "http-nio-8080-exec-6" daemon [_thread_blocked, id=11624, stack(0x000000da87900000,0x000000da87a00000)]
  0x00000255bb08a5d0 JavaThread "http-nio-8080-exec-7" daemon [_thread_blocked, id=11628, stack(0x000000da87a00000,0x000000da87b00000)]
  0x00000255bb0896a0 JavaThread "http-nio-8080-exec-9" daemon [_thread_blocked, id=11636, stack(0x000000da87c00000,0x000000da87d00000)]
  0x00000255bb084ab0 JavaThread "container-0" [_thread_blocked, id=11644, stack(0x000000da87e00000,0x000000da87f00000)]
  0x00000255bb088770 JavaThread "File Watcher" daemon [_thread_blocked, id=11676, stack(0x000000da87f00000,0x000000da88000000)]
  0x00000255bb088260 JavaThread "Live Reload Server" daemon [_thread_in_native, id=11684, stack(0x000000da88000000,0x000000da88100000)]
  0x00000255bb088c80 JavaThread "http-nio-8080-Poller" daemon [_thread_blocked, id=11688, stack(0x000000da88100000,0x000000da88200000)]
  0x00000255bb087330 JavaThread "http-nio-8080-Acceptor" daemon [_thread_in_native, id=11692, stack(0x000000da88200000,0x000000da88300000)]
  0x00000255bb085ef0 JavaThread "DestroyJavaVM" [_thread_blocked, id=11280, stack(0x000000da85000000,0x000000da85100000)]
  0x00000255bb087d50 JavaThread "http-nio-8080-exec-11" daemon [_thread_blocked, id=11876, stack(0x000000da86c00000,0x000000da86d00000)]
  0x00000255bb08b500 JavaThread "http-nio-8080-exec-13" daemon [_thread_blocked, id=11884, stack(0x000000da88300000,0x000000da88400000)]
  0x00000255bb084090 JavaThread "http-nio-8080-exec-14" daemon [_thread_blocked, id=11888, stack(0x000000da88400000,0x000000da88500000)]
  0x00000255bb089bb0 JavaThread "RMI TCP Connection(idle)" daemon [_thread_blocked, id=5344, stack(0x000000da84e00000,0x000000da84f00000)]

Other Threads:
=>0x00000255aee49cb0 VMThread "VM Thread" [stack: 0x000000da85600000,0x000000da85700000] [id=11320]
  0x00000255a06b3e40 WatcherThread [stack: 0x000000da86800000,0x000000da86900000] [id=11396]
  0x00000255a0700d10 GCTaskThread "GC Thread#0" [stack: 0x000000da85100000,0x000000da85200000] [id=11300]
  0x00000255b35ec8c0 GCTaskThread "GC Thread#1" [stack: 0x000000da86200000,0x000000da86300000] [id=11372]
  0x00000255b35ecb80 GCTaskThread "GC Thread#2" [stack: 0x000000da86300000,0x000000da86400000] [id=11376]
  0x00000255a070bc60 ConcurrentGCThread "G1 Main Marker" [stack: 0x000000da85200000,0x000000da85300000] [id=11304]
  0x00000255a070d690 ConcurrentGCThread "G1 Conc#0" [stack: 0x000000da85300000,0x000000da85400000] [id=11308]
  0x00000255a075d720 ConcurrentGCThread "G1 Refine#0" [stack: 0x000000da85400000,0x000000da85500000] [id=11312]
  0x00000255a075ea30 ConcurrentGCThread "G1 Service" [stack: 0x000000da85500000,0x000000da85600000] [id=11316]

Threads with active compile tasks:

VM state: at safepoint (normal execution)

VM Mutex/Monitor currently owned by a thread:  ([mutex/lock_event])
[0x00000255a06af240] Threads_lock - owner thread: 0x00000255aee49cb0
[0x00000255a06adb30] Heap_lock - owner thread: 0x00000255bb087840

Heap address: 0x0000000760000000, size: 2560 MB, Compressed Oops mode: Zero based, Oop shift amount: 3

CDS archive(s) not mapped
Compressed class space mapped at: 0x0000000800000000-0x0000000840000000, reserved size: 1073741824
Narrow klass base: 0x0000000800000000, Narrow klass shift: 0, Narrow klass range: 0x40000000

GC Precious Log:
 CPUs: 3 total, 3 available
 Memory: 10239M
 Large Page Support: Disabled
 NUMA Support: Disabled
 Compressed Oops: Enabled (Zero based)
 Heap Region Size: 2M
 Heap Min Capacity: 8M
 Heap Initial Capacity: 160M
 Heap Max Capacity: 2560M
 Pre-touch: Disabled
 Parallel Workers: 3
 Concurrent Workers: 1
 Concurrent Refinement Workers: 3
 Periodic GC: Disabled

Heap:
 garbage-first heap   total 118784K, used 55300K [0x0000000760000000, 0x0000000800000000)
  region size 2048K, 2 young (4096K), 2 survivors (4096K)
 Metaspace       used 90618K, committed 91264K, reserved 1179648K
  class space    used 12772K, committed 13056K, reserved 1048576K

Heap Regions: E=young(eden), S=young(survivor), O=old, HS=humongous(starts), HC=humongous(continues), CS=collection set, F=free, OA=open archive, CA=closed archive, TAMS=top-at-mark-start (previous, next)
|   0|0x0000000760000000, 0x0000000760200000, 0x0000000760200000|100%| O|  |TAMS 0x0000000760200000, 0x0000000760000000| Untracked 
|   1|0x0000000760200000, 0x0000000760400000, 0x0000000760400000|100%| O|  |TAMS 0x0000000760400000, 0x0000000760200000| Untracked 
|   2|0x0000000760400000, 0x0000000760600000, 0x0000000760600000|100%| O|  |TAMS 0x0000000760600000, 0x0000000760400000| Untracked 
|   3|0x0000000760600000, 0x0000000760800000, 0x0000000760800000|100%| O|  |TAMS 0x0000000760800000, 0x0000000760600000| Untracked 
|   4|0x0000000760800000, 0x0000000760a00000, 0x0000000760a00000|100%| O|  |TAMS 0x0000000760a00000, 0x0000000760800000| Untracked 
|   5|0x0000000760a00000, 0x0000000760c00000, 0x0000000760c00000|100%| O|  |TAMS 0x0000000760c00000, 0x0000000760a00000| Untracked 
|   6|0x0000000760c00000, 0x0000000760e00000, 0x0000000760e00000|100%| O|  |TAMS 0x0000000760e00000, 0x0000000760c00000| Untracked 
|   7|0x0000000760e00000, 0x0000000761000000, 0x0000000761000000|100%| O|  |TAMS 0x0000000761000000, 0x0000000760e00000| Untracked 
|   8|0x0000000761000000, 0x0000000761200000, 0x0000000761200000|100%| O|  |TAMS 0x0000000761200000, 0x0000000761000000| Untracked 
|   9|0x0000000761200000, 0x0000000761400000, 0x0000000761400000|100%| O|  |TAMS 0x0000000761400000, 0x0000000761200000| Untracked 
|  10|0x0000000761400000, 0x0000000761600000, 0x0000000761600000|100%| O|  |TAMS 0x0000000761600000, 0x0000000761400000| Untracked 
|  11|0x0000000761600000, 0x0000000761800000, 0x0000000761800000|100%| O|  |TAMS 0x0000000761800000, 0x0000000761600000| Untracked 
|  12|0x0000000761800000, 0x0000000761a00000, 0x0000000761a00000|100%| O|  |TAMS 0x0000000761a00000, 0x0000000761800000| Untracked 
|  13|0x0000000761a00000, 0x0000000761c00000, 0x0000000761c00000|100%| O|  |TAMS 0x0000000761b98e08, 0x0000000761a00000| Untracked 
|  14|0x0000000761c00000, 0x0000000761e00000, 0x0000000761e00000|100%| O|  |TAMS 0x0000000761c00000, 0x0000000761c00000| Untracked 
|  15|0x0000000761e00000, 0x0000000762000000, 0x0000000762000000|100%| O|  |TAMS 0x0000000761e00000, 0x0000000761e00000| Untracked 
|  16|0x0000000762000000, 0x0000000762200000, 0x0000000762200000|100%| O|  |TAMS 0x0000000762000000, 0x0000000762000000| Untracked 
|  17|0x0000000762200000, 0x0000000762400000, 0x0000000762400000|100%| O|  |TAMS 0x0000000762200000, 0x0000000762200000| Untracked 
|  18|0x0000000762400000, 0x0000000762600000, 0x0000000762600000|100%| O|  |TAMS 0x0000000762400000, 0x0000000762400000| Untracked 
|  19|0x0000000762600000, 0x0000000762800000, 0x0000000762800000|100%| O|  |TAMS 0x0000000762600000, 0x0000000762600000| Untracked 
|  20|0x0000000762800000, 0x0000000762a00000, 0x0000000762a00000|100%| O|  |TAMS 0x0000000762800000, 0x0000000762800000| Untracked 
|  21|0x0000000762a00000, 0x0000000762c00000, 0x0000000762c00000|100%| O|  |TAMS 0x0000000762a00000, 0x0000000762a00000| Untracked 
|  22|0x0000000762c00000, 0x0000000762e00000, 0x0000000762e00000|100%| O|  |TAMS 0x0000000762c00000, 0x0000000762c00000| Untracked 
|  23|0x0000000762e00000, 0x0000000763000000, 0x0000000763000000|100%| O|  |TAMS 0x0000000762e00000, 0x0000000762e00000| Untracked 
|  24|0x0000000763000000, 0x0000000763200000, 0x0000000763200000|100%| O|  |TAMS 0x0000000763000000, 0x0000000763000000| Untracked 
|  25|0x0000000763200000, 0x00000007633b7200, 0x0000000763400000| 85%| O|  |TAMS 0x0000000763200000, 0x0000000763200000| Untracked 
|  26|0x0000000763400000, 0x0000000763400000, 0x0000000763600000|  0%| F|  |TAMS 0x0000000763400000, 0x0000000763400000| Untracked 
|  27|0x0000000763600000, 0x0000000763600000, 0x0000000763800000|  0%| F|  |TAMS 0x0000000763600000, 0x0000000763600000| Untracked 
|  28|0x0000000763800000, 0x0000000763800000, 0x0000000763a00000|  0%| F|  |TAMS 0x0000000763800000, 0x0000000763800000| Untracked 
|  29|0x0000000763a00000, 0x0000000763a00000, 0x0000000763c00000|  0%| F|  |TAMS 0x0000000763a00000, 0x0000000763a00000| Untracked 
|  30|0x0000000763c00000, 0x0000000763c00000, 0x0000000763e00000|  0%| F|  |TAMS 0x0000000763c00000, 0x0000000763c00000| Untracked 
|  31|0x0000000763e00000, 0x0000000763e00000, 0x0000000764000000|  0%| F|  |TAMS 0x0000000763e00000, 0x0000000763e00000| Untracked 
|  32|0x0000000764000000, 0x0000000764000000, 0x0000000764200000|  0%| F|  |TAMS 0x0000000764000000, 0x0000000764000000| Untracked 
|  33|0x0000000764200000, 0x0000000764200000, 0x0000000764400000|  0%| F|  |TAMS 0x0000000764200000, 0x0000000764200000| Untracked 
|  34|0x0000000764400000, 0x0000000764449e08, 0x0000000764600000| 14%| S|CS|TAMS 0x0000000764400000, 0x0000000764400000| Complete 
|  35|0x0000000764600000, 0x0000000764800000, 0x0000000764800000|100%| S|CS|TAMS 0x0000000764600000, 0x0000000764600000| Complete 
|  36|0x0000000764800000, 0x0000000764800000, 0x0000000764a00000|  0%| F|  |TAMS 0x0000000764800000, 0x0000000764800000| Untracked 
|  37|0x0000000764a00000, 0x0000000764a00000, 0x0000000764c00000|  0%| F|  |TAMS 0x0000000764a00000, 0x0000000764a00000| Untracked 
|  38|0x0000000764c00000, 0x0000000764c00000, 0x0000000764e00000|  0%| F|  |TAMS 0x0000000764c00000, 0x0000000764c00000| Untracked 
|  39|0x0000000764e00000, 0x0000000764e00000, 0x0000000765000000|  0%| F|  |TAMS 0x0000000764e00000, 0x0000000764e00000| Untracked 
|  40|0x0000000765000000, 0x0000000765000000, 0x0000000765200000|  0%| F|  |TAMS 0x0000000765000000, 0x0000000765000000| Untracked 
|  41|0x0000000765200000, 0x0000000765200000, 0x0000000765400000|  0%| F|  |TAMS 0x0000000765200000, 0x0000000765200000| Untracked 
|  42|0x0000000765400000, 0x0000000765400000, 0x0000000765600000|  0%| F|  |TAMS 0x0000000765400000, 0x0000000765400000| Untracked 
|  43|0x0000000765600000, 0x0000000765600000, 0x0000000765800000|  0%| F|  |TAMS 0x0000000765600000, 0x0000000765600000| Untracked 
|  44|0x0000000765800000, 0x0000000765800000, 0x0000000765a00000|  0%| F|  |TAMS 0x0000000765800000, 0x0000000765800000| Untracked 
|  45|0x0000000765a00000, 0x0000000765a00000, 0x0000000765c00000|  0%| F|  |TAMS 0x0000000765a00000, 0x0000000765a00000| Untracked 
|  46|0x0000000765c00000, 0x0000000765c00000, 0x0000000765e00000|  0%| F|  |TAMS 0x0000000765c00000, 0x0000000765c00000| Untracked 
|  47|0x0000000765e00000, 0x0000000765e00000, 0x0000000766000000|  0%| F|  |TAMS 0x0000000765e00000, 0x0000000765e00000| Untracked 
|  48|0x0000000766000000, 0x0000000766000000, 0x0000000766200000|  0%| F|  |TAMS 0x0000000766000000, 0x0000000766000000| Untracked 
|  49|0x0000000766200000, 0x0000000766200000, 0x0000000766400000|  0%| F|  |TAMS 0x0000000766200000, 0x0000000766200000| Untracked 
|  50|0x0000000766400000, 0x0000000766400000, 0x0000000766600000|  0%| F|  |TAMS 0x0000000766400000, 0x0000000766400000| Untracked 
|  51|0x0000000766600000, 0x0000000766600000, 0x0000000766800000|  0%| F|  |TAMS 0x0000000766600000, 0x0000000766600000| Untracked 
|  52|0x0000000766800000, 0x0000000766800000, 0x0000000766a00000|  0%| F|  |TAMS 0x0000000766800000, 0x0000000766800000| Untracked 
|  53|0x0000000766a00000, 0x0000000766a00000, 0x0000000766c00000|  0%| F|  |TAMS 0x0000000766a00000, 0x0000000766a00000| Untracked 
|  54|0x0000000766c00000, 0x0000000766c00000, 0x0000000766e00000|  0%| F|  |TAMS 0x0000000766c00000, 0x0000000766c00000| Untracked 
|  55|0x0000000766e00000, 0x0000000766e00000, 0x0000000767000000|  0%| F|  |TAMS 0x0000000766e00000, 0x0000000766e00000| Untracked 
|  56|0x0000000767000000, 0x0000000767000000, 0x0000000767200000|  0%| F|  |TAMS 0x0000000767000000, 0x0000000767000000| Untracked 
|  95|0x000000076be00000, 0x000000076be00000, 0x000000076c000000|  0%| F|  |TAMS 0x000000076be00000, 0x000000076be00000| Untracked 

Card table byte_map: [0x00000255a7270000,0x00000255a7770000] _byte_map_base: 0x00000255a3770000

Marking Bits (Prev, Next): (CMBitMap*) 0x00000255a0701330, (CMBitMap*) 0x00000255a0701370
 Prev Bits: [0x00000255a7c70000, 0x00000255aa470000)
 Next Bits: [0x00000255aa470000, 0x00000255acc70000)

Polling page: 0x000002559fe60000

Metaspace:

Usage:
  Non-class:     76.02 MB used.
      Class:     12.47 MB used.
       Both:     88.49 MB used.

Virtual space:
  Non-class space:      128.00 MB reserved,      76.38 MB ( 60%) committed,  2 nodes.
      Class space:        1.00 GB reserved,      12.75 MB (  1%) committed,  1 nodes.
             Both:        1.12 GB reserved,      89.12 MB (  8%) committed. 

Chunk freelists:
   Non-Class:  2.97 MB
       Class:  3.26 MB
        Both:  6.23 MB

MaxMetaspaceSize: unlimited
CompressedClassSpaceSize: 1.00 GB
Initial GC threshold: 21.00 MB
Current GC threshold: 110.62 MB
CDS: off
MetaspaceReclaimPolicy: balanced
 - commit_granule_bytes: 65536.
 - commit_granule_words: 8192.
 - virtual_space_node_default_size: 8388608.
 - enlarge_chunks_in_place: 1.
 - new_chunks_are_fully_committed: 0.
 - uncommit_free_chunks: 1.
 - use_allocation_guard: 0.
 - handle_deallocations: 1.


Internal statistics:

num_allocs_failed_limit: 14.
num_arena_births: 972.
num_arena_deaths: 0.
num_vsnodes_births: 3.
num_vsnodes_deaths: 0.
num_space_committed: 1426.
num_space_uncommitted: 0.
num_chunks_returned_to_freelist: 14.
num_chunks_taken_from_freelist: 3885.
num_chunk_merges: 14.
num_chunk_splits: 2829.
num_chunks_enlarged: 2201.
num_inconsistent_stats: 0.

CodeCache: size=49152Kb used=21683Kb max_used=22091Kb free=27468Kb
 bounds [0x00000255a3d70000, 0x00000255a5310000, 0x00000255a6d70000]
 total_blobs=13263 nmethods=12543 adapters=645
 compilation: enabled
              stopped_count=0, restarted_count=0
 full_count=0

Compilation events (20 events):
Event: 233.388 Thread 0x00000255b3022c20 12535       1       java.util.Date::<init> (8 bytes)
Event: 233.388 Thread 0x00000255b3022c20 nmethod 12535 0x00000255a52b7310 code [0x00000255a52b74a0, 0x00000255a52b7578]
Event: 233.495 Thread 0x00000255b3022c20 12536       1       java.util.concurrent.locks.AbstractQueuedSynchronizer$ConditionObject::unlinkCancelledWaiters (91 bytes)
Event: 233.495 Thread 0x00000255b3022c20 nmethod 12536 0x00000255a52b6d90 code [0x00000255a52b6f40, 0x00000255a52b7218]
Event: 250.652 Thread 0x00000255b3022c20 12537       1       org.apache.catalina.util.LifecycleBase::fireLifecycleEvent (56 bytes)
Event: 250.658 Thread 0x00000255b3022c20 nmethod 12537 0x00000255a52b6710 code [0x00000255a52b68e0, 0x00000255a52b6c58]
Event: 250.658 Thread 0x00000255b3022c20 12538       1       org.apache.catalina.LifecycleEvent::<init> (16 bytes)
Event: 250.727 Thread 0x00000255b3022c20 nmethod 12538 0x00000255a52b6210 code [0x00000255a52b63c0, 0x00000255a52b6668]
Event: 260.657 Thread 0x00000255b3022c20 12539       1       java.util.HashMap::valuesToArray (81 bytes)
Event: 260.658 Thread 0x00000255b3022c20 nmethod 12539 0x00000255a52b5c90 code [0x00000255a52b5e40, 0x00000255a52b6098]
Event: 265.335 Thread 0x00000255b3022c20 12540       1       java.util.TimeZone::getID (5 bytes)
Event: 265.336 Thread 0x00000255b3022c20 nmethod 12540 0x00000255a52b5990 code [0x00000255a52b5b20, 0x00000255a52b5bf8]
Event: 265.555 Thread 0x00000255b3022c20 12541       1       java.util.concurrent.locks.LockSupport::getThreadId (11 bytes)
Event: 265.555 Thread 0x00000255b3022c20 nmethod 12541 0x00000255a52b5690 code [0x00000255a52b5820, 0x00000255a52b58d8]
Event: 267.502 Thread 0x00000255b3022c20 12542       1       org.apache.coyote.AbstractProtocol$$Lambda$1680/0x0000000800c02db8::run (8 bytes)
Event: 267.506 Thread 0x00000255b3022c20 nmethod 12542 0x00000255a52b5390 code [0x00000255a52b5520, 0x00000255a52b5608]
Event: 267.506 Thread 0x00000255b3022c20 12543       1       org.apache.coyote.AbstractProtocol::lambda$startAsyncTimeout$1 (46 bytes)
Event: 267.509 Thread 0x00000255b3022c20 nmethod 12543 0x00000255a52b4e10 code [0x00000255a52b4fe0, 0x00000255a52b5218]
Event: 269.319 Thread 0x00000255b3022c20 12544   !   1       java.nio.channels.spi.AbstractSelectableChannel::isRegistered (27 bytes)
Event: 269.319 Thread 0x00000255b3022c20 nmethod 12544 0x00000255a52b4a10 code [0x00000255a52b4ba0, 0x00000255a52b4d58]

GC Heap History (20 events):
Event: 269.723 GC heap after
{Heap after GC invocations=449 (full 0):
 garbage-first heap   total 118784K, used 54887K [0x0000000760000000, 0x0000000800000000)
  region size 2048K, 1 young (2048K), 1 survivors (2048K)
 Metaspace       used 90618K, committed 91264K, reserved 1179648K
  class space    used 12772K, committed 13056K, reserved 1048576K
}
Event: 269.835 GC heap before
{Heap before GC invocations=449 (full 0):
 garbage-first heap   total 118784K, used 95847K [0x0000000760000000, 0x0000000800000000)
  region size 2048K, 22 young (45056K), 1 survivors (2048K)
 Metaspace       used 90618K, committed 91264K, reserved 1179648K
  class space    used 12772K, committed 13056K, reserved 1048576K
}
Event: 269.985 GC heap after
{Heap after GC invocations=450 (full 0):
 garbage-first heap   total 118784K, used 56050K [0x0000000760000000, 0x0000000800000000)
  region size 2048K, 2 young (4096K), 2 survivors (4096K)
 Metaspace       used 90618K, committed 91264K, reserved 1179648K
  class space    used 12772K, committed 13056K, reserved 1048576K
}
Event: 270.115 GC heap before
{Heap before GC invocations=450 (full 0):
 garbage-first heap   total 118784K, used 94962K [0x0000000760000000, 0x0000000800000000)
  region size 2048K, 22 young (45056K), 2 survivors (4096K)
 Metaspace       used 90618K, committed 91264K, reserved 1179648K
  class space    used 12772K, committed 13056K, reserved 1048576K
}
Event: 270.116 GC heap after
{Heap after GC invocations=451 (full 0):
 garbage-first heap   total 118784K, used 54665K [0x0000000760000000, 0x0000000800000000)
  region size 2048K, 1 young (2048K), 1 survivors (2048K)
 Metaspace       used 90618K, committed 91264K, reserved 1179648K
  class space    used 12772K, committed 13056K, reserved 1048576K
}
Event: 270.499 GC heap before
{Heap before GC invocations=451 (full 0):
 garbage-first heap   total 118784K, used 95625K [0x0000000760000000, 0x0000000800000000)
  region size 2048K, 22 young (45056K), 1 survivors (2048K)
 Metaspace       used 90618K, committed 91264K, reserved 1179648K
  class space    used 12772K, committed 13056K, reserved 1048576K
}
Event: 270.501 GC heap after
{Heap after GC invocations=452 (full 0):
 garbage-first heap   total 118784K, used 57299K [0x0000000760000000, 0x0000000800000000)
  region size 2048K, 3 young (6144K), 3 survivors (6144K)
 Metaspace       used 90618K, committed 91264K, reserved 1179648K
  class space    used 12772K, committed 13056K, reserved 1048576K
}
Event: 272.936 GC heap before
{Heap before GC invocations=452 (full 0):
 garbage-first heap   total 118784K, used 92115K [0x0000000760000000, 0x0000000800000000)
  region size 2048K, 21 young (43008K), 3 survivors (6144K)
 Metaspace       used 90618K, committed 91264K, reserved 1179648K
  class space    used 12772K, committed 13056K, reserved 1048576K
}
Event: 272.937 GC heap after
{Heap after GC invocations=453 (full 0):
 garbage-first heap   total 118784K, used 56813K [0x0000000760000000, 0x0000000800000000)
  region size 2048K, 2 young (4096K), 2 survivors (4096K)
 Metaspace       used 90618K, committed 91264K, reserved 1179648K
  class space    used 12772K, committed 13056K, reserved 1048576K
}
Event: 273.674 GC heap before
{Heap before GC invocations=453 (full 0):
 garbage-first heap   total 118784K, used 93677K [0x0000000760000000, 0x0000000800000000)
  region size 2048K, 21 young (43008K), 2 survivors (4096K)
 Metaspace       used 90618K, committed 91264K, reserved 1179648K
  class space    used 12772K, committed 13056K, reserved 1048576K
}
Event: 273.675 GC heap after
{Heap after GC invocations=454 (full 0):
 garbage-first heap   total 118784K, used 53829K [0x0000000760000000, 0x0000000800000000)
  region size 2048K, 1 young (2048K), 1 survivors (2048K)
 Metaspace       used 90618K, committed 91264K, reserved 1179648K
  class space    used 12772K, committed 13056K, reserved 1048576K
}
Event: 273.823 GC heap before
{Heap before GC invocations=454 (full 0):
 garbage-first heap   total 118784K, used 94789K [0x0000000760000000, 0x0000000800000000)
  region size 2048K, 22 young (45056K), 1 survivors (2048K)
 Metaspace       used 90618K, committed 91264K, reserved 1179648K
  class space    used 12772K, committed 13056K, reserved 1048576K
}
Event: 273.824 GC heap after
{Heap after GC invocations=455 (full 0):
 garbage-first heap   total 118784K, used 56720K [0x0000000760000000, 0x0000000800000000)
  region size 2048K, 2 young (4096K), 2 survivors (4096K)
 Metaspace       used 90618K, committed 91264K, reserved 1179648K
  class space    used 12772K, committed 13056K, reserved 1048576K
}
Event: 274.051 GC heap before
{Heap before GC invocations=455 (full 0):
 garbage-first heap   total 118784K, used 93584K [0x0000000760000000, 0x0000000800000000)
  region size 2048K, 21 young (43008K), 2 survivors (4096K)
 Metaspace       used 90618K, committed 91264K, reserved 1179648K
  class space    used 12772K, committed 13056K, reserved 1048576K
}
Event: 274.052 GC heap after
{Heap after GC invocations=456 (full 0):
 garbage-first heap   total 118784K, used 54182K [0x0000000760000000, 0x0000000800000000)
  region size 2048K, 1 young (2048K), 1 survivors (2048K)
 Metaspace       used 90618K, committed 91264K, reserved 1179648K
  class space    used 12772K, committed 13056K, reserved 1048576K
}
Event: 274.609 GC heap before
{Heap before GC invocations=456 (full 0):
 garbage-first heap   total 118784K, used 95142K [0x0000000760000000, 0x0000000800000000)
  region size 2048K, 22 young (45056K), 1 survivors (2048K)
 Metaspace       used 90618K, committed 91264K, reserved 1179648K
  class space    used 12772K, committed 13056K, reserved 1048576K
}
Event: 274.610 GC heap after
{Heap after GC invocations=457 (full 0):
 garbage-first heap   total 118784K, used 55533K [0x0000000760000000, 0x0000000800000000)
  region size 2048K, 2 young (4096K), 2 survivors (4096K)
 Metaspace       used 90618K, committed 91264K, reserved 1179648K
  class space    used 12772K, committed 13056K, reserved 1048576K
}
Event: 274.745 GC heap before
{Heap before GC invocations=457 (full 0):
 garbage-first heap   total 118784K, used 94445K [0x0000000760000000, 0x0000000800000000)
  region size 2048K, 22 young (45056K), 2 survivors (4096K)
 Metaspace       used 90618K, committed 91264K, reserved 1179648K
  class space    used 12772K, committed 13056K, reserved 1048576K
}
Event: 274.746 GC heap after
{Heap after GC invocations=458 (full 0):
 garbage-first heap   total 118784K, used 55634K [0x0000000760000000, 0x0000000800000000)
  region size 2048K, 2 young (4096K), 2 survivors (4096K)
 Metaspace       used 90618K, committed 91264K, reserved 1179648K
  class space    used 12772K, committed 13056K, reserved 1048576K
}
Event: 278.350 GC heap before
{Heap before GC invocations=458 (full 0):
 garbage-first heap   total 118784K, used 94546K [0x0000000760000000, 0x0000000800000000)
  region size 2048K, 22 young (45056K), 2 survivors (4096K)
 Metaspace       used 90618K, committed 91264K, reserved 1179648K
  class space    used 12772K, committed 13056K, reserved 1048576K
}

Dll operation events (9 events):
Event: 0.027 Loaded shared library C:\Users\Sreenivas Bandaru\Downloads\sts-4.21.0.RELEASE\plugins\org.eclipse.justj.openjdk.hotspot.jre.full.win32.x86_64_17.0.9.v20231028-0858\jre\bin\java.dll
Event: 0.211 Loaded shared library C:\Users\Sreenivas Bandaru\Downloads\sts-4.21.0.RELEASE\plugins\org.eclipse.justj.openjdk.hotspot.jre.full.win32.x86_64_17.0.9.v20231028-0858\jre\bin\jimage.dll
Event: 0.224 Loaded shared library C:\Users\Sreenivas Bandaru\Downloads\sts-4.21.0.RELEASE\plugins\org.eclipse.justj.openjdk.hotspot.jre.full.win32.x86_64_17.0.9.v20231028-0858\jre\bin\net.dll
Event: 0.226 Loaded shared library C:\Users\Sreenivas Bandaru\Downloads\sts-4.21.0.RELEASE\plugins\org.eclipse.justj.openjdk.hotspot.jre.full.win32.x86_64_17.0.9.v20231028-0858\jre\bin\nio.dll
Event: 0.229 Loaded shared library C:\Users\Sreenivas Bandaru\Downloads\sts-4.21.0.RELEASE\plugins\org.eclipse.justj.openjdk.hotspot.jre.full.win32.x86_64_17.0.9.v20231028-0858\jre\bin\zip.dll
Event: 0.348 Loaded shared library C:\Users\Sreenivas Bandaru\Downloads\sts-4.21.0.RELEASE\plugins\org.eclipse.justj.openjdk.hotspot.jre.full.win32.x86_64_17.0.9.v20231028-0858\jre\bin\management.dll
Event: 0.366 Loaded shared library C:\Users\Sreenivas Bandaru\Downloads\sts-4.21.0.RELEASE\plugins\org.eclipse.justj.openjdk.hotspot.jre.full.win32.x86_64_17.0.9.v20231028-0858\jre\bin\management_ext.dll
Event: 1.602 Loaded shared library C:\Users\Sreenivas Bandaru\Downloads\sts-4.21.0.RELEASE\plugins\org.eclipse.justj.openjdk.hotspot.jre.full.win32.x86_64_17.0.9.v20231028-0858\jre\bin\sunmscapi.dll
Event: 2.868 Loaded shared library C:\Users\Sreenivas Bandaru\Downloads\sts-4.21.0.RELEASE\plugins\org.eclipse.justj.openjdk.hotspot.jre.full.win32.x86_64_17.0.9.v20231028-0858\jre\bin\verify.dll

Deoptimization events (18 events):
Event: 1.233 Thread 0x00000255b41553f0 DEOPT PACKING pc=0x00000255a421d8f9 sp=0x000000da86dfcac0
Event: 1.233 Thread 0x00000255b41553f0 DEOPT UNPACKING pc=0x00000255a3dc7143 sp=0x000000da86dfbfa0 mode 3
Event: 1.363 Thread 0x00000255b41553f0 DEOPT PACKING pc=0x00000255a4270bd5 sp=0x000000da86dfcfc0
Event: 1.363 Thread 0x00000255b41553f0 DEOPT UNPACKING pc=0x00000255a3dc7143 sp=0x000000da86dfc468 mode 3
Event: 1.397 Thread 0x00000255b41553f0 DEOPT PACKING pc=0x00000255a41115a5 sp=0x000000da86dfd5d0
Event: 1.397 Thread 0x00000255b41553f0 DEOPT UNPACKING pc=0x00000255a3dc7143 sp=0x000000da86dfcb38 mode 3
Event: 2.202 Thread 0x00000255b41553f0 DEOPT PACKING pc=0x00000255a44da3f9 sp=0x000000da86dfd5a0
Event: 2.202 Thread 0x00000255b41553f0 DEOPT UNPACKING pc=0x00000255a3dc7143 sp=0x000000da86dfca80 mode 3
Event: 9.817 Thread 0x00000255b41553f0 DEOPT PACKING pc=0x00000255a423edd4 sp=0x000000da86dfadf0
Event: 9.817 Thread 0x00000255b41553f0 DEOPT UNPACKING pc=0x00000255a3dc7143 sp=0x000000da86dfa348 mode 0
Event: 10.394 Thread 0x00000255b41553f0 DEOPT PACKING pc=0x00000255a42951d2 sp=0x000000da86dfc3f0
Event: 10.394 Thread 0x00000255b41553f0 DEOPT UNPACKING pc=0x00000255a3dc7143 sp=0x000000da86dfb8f8 mode 3
Event: 10.394 Thread 0x00000255b41553f0 DEOPT PACKING pc=0x00000255a4292155 sp=0x000000da86dfc3b0
Event: 10.394 Thread 0x00000255b41553f0 DEOPT UNPACKING pc=0x00000255a3dc7143 sp=0x000000da86dfb8f8 mode 3
Event: 11.921 Thread 0x00000255bb086e20 DEOPT PACKING pc=0x00000255a4bbca1b sp=0x000000da878fb0c0
Event: 11.921 Thread 0x00000255bb086e20 DEOPT UNPACKING pc=0x00000255a3dc7143 sp=0x000000da878fa5e8 mode 3
Event: 13.603 Thread 0x00000255bb086910 DEOPT PACKING pc=0x00000255a4e33b53 sp=0x000000da879f9de0
Event: 13.603 Thread 0x00000255bb086910 DEOPT UNPACKING pc=0x00000255a3dc7143 sp=0x000000da879f92f0 mode 3

Classes unloaded (0 events):
No events

Classes redefined (0 events):
No events

Internal exceptions (20 events):
Event: 10.578 Thread 0x00000255b41553f0 Exception <a 'java/lang/reflect/InvocationTargetException'{0x0000000764280ba0}> (0x0000000764280ba0) 
thrown [s\src\hotspot\share\runtime\reflection.cpp, line 1121]
Event: 10.638 Thread 0x00000255b41553f0 Exception <a 'java/lang/NoSuchMethodError'{0x00000007640caab8}: 'java.lang.Object java.lang.invoke.Invokers$Holder.invoker(java.lang.Object, java.lang.Object, java.lang.Object, java.lang.Object)'> (0x00000007640caab8) 
thrown [s\src\hotspot\share\interpreter\linkResolver.cpp, line 759]
Event: 10.639 Thread 0x00000255b41553f0 Exception <a 'java/lang/NoSuchMethodError'{0x00000007640d4680}: 'int java.lang.invoke.DirectMethodHandle$Holder.invokeSpecial(java.lang.Object, java.lang.Object, java.lang.Object, int)'> (0x00000007640d4680) 
thrown [s\src\hotspot\share\interpreter\linkResolver.cpp, line 759]
Event: 10.642 Thread 0x00000255b41553f0 Exception <a 'java/lang/NoSuchMethodError'{0x00000007640e69f8}: 'java.lang.Object java.lang.invoke.DirectMethodHandle$Holder.invokeStatic(java.lang.Object, java.lang.Object, java.lang.Object, java.lang.Object, int)'> (0x00000007640e69f8) 
thrown [s\src\hotspot\share\interpreter\linkResolver.cpp, line 759]
Event: 10.643 Thread 0x00000255b41553f0 Exception <a 'java/lang/NoSuchMethodError'{0x00000007640ee120}: 'void java.lang.invoke.DelegatingMethodHandle$Holder.reinvoke_L(java.lang.Object, java.lang.Object, int)'> (0x00000007640ee120) 
thrown [s\src\hotspot\share\interpreter\linkResolver.cpp, line 759]
Event: 10.644 Thread 0x00000255b41553f0 Exception <a 'java/lang/NoSuchMethodError'{0x00000007640fc280}: 'java.lang.Object java.lang.invoke.Invokers$Holder.invokeExact_MT(java.lang.Object, java.lang.Object, java.lang.Object, java.lang.Object)'> (0x00000007640fc280) 
thrown [s\src\hotspot\share\interpreter\linkResolver.cpp, line 759]
Event: 10.701 Thread 0x00000255b41553f0 Exception <a 'java/io/FileNotFoundException'{0x0000000763f7b540}> (0x0000000763f7b540) 
thrown [s\src\hotspot\share\prims\jni.cpp, line 516]
Event: 10.701 Thread 0x00000255b41553f0 Exception <a 'java/io/FileNotFoundException'{0x0000000763f876e0}> (0x0000000763f876e0) 
thrown [s\src\hotspot\share\prims\jni.cpp, line 516]
Event: 11.137 Thread 0x00000255b41553f0 Exception <a 'sun/nio/fs/WindowsException'{0x0000000764fc6fc8}> (0x0000000764fc6fc8) 
thrown [s\src\hotspot\share\prims\jni.cpp, line 516]
Event: 11.173 Thread 0x00000255b41553f0 Exception <a 'java/lang/IncompatibleClassChangeError'{0x0000000764811588}: Found class java.lang.Object, but interface was expected> (0x0000000764811588) 
thrown [s\src\hotspot\share\interpreter\linkResolver.cpp, line 826]
Event: 11.234 Thread 0x00000255b41553f0 Exception <a 'java/lang/NoSuchMethodError'{0x00000007644a6f58}: 'java.lang.Object java.lang.invoke.DirectMethodHandle$Holder.invokeInterface(java.lang.Object, java.lang.Object, java.lang.Object, java.lang.Object)'> (0x00000007644a6f58) 
thrown [s\src\hotspot\share\interpreter\linkResolver.cpp, line 759]
Event: 11.271 Thread 0x00000255b41553f0 Exception <a 'java/lang/NoSuchMethodError'{0x00000007642cc440}: 'void java.lang.invoke.DirectMethodHandle$Holder.invokeVirtual(java.lang.Object, java.lang.Object, long)'> (0x00000007642cc440) 
thrown [s\src\hotspot\share\interpreter\linkResolver.cpp, line 759]
Event: 11.359 Thread 0x00000255b41553f0 Exception <a 'java/lang/IncompatibleClassChangeError'{0x0000000763c9d970}: Found class java.lang.Object, but interface was expected> (0x0000000763c9d970) 
thrown [s\src\hotspot\share\interpreter\linkResolver.cpp, line 826]
Event: 11.445 Thread 0x00000255b41553f0 Exception <a 'java/lang/NoSuchMethodError'{0x0000000765d8ee30}: 'java.lang.Object java.lang.invoke.DirectMethodHandle$Holder.newInvokeSpecial(java.lang.Object, java.lang.Object, int, java.lang.Object, java.lang.Object)'> (0x0000000765d8ee30) 
thrown [s\src\hotspot\share\interpreter\linkResolver.cpp, line 759]
Event: 11.446 Thread 0x00000255b41553f0 Exception <a 'java/lang/NoSuchMethodError'{0x0000000765d9a0c8}: 'java.lang.Object java.lang.invoke.DirectMethodHandle$Holder.invokeSpecial(java.lang.Object, java.lang.Object, int, java.lang.Object, int, java.lang.Object)'> (0x0000000765d9a0c8) 
thrown [s\src\hotspot\share\interpreter\linkResolver.cpp, line 759]
Event: 11.446 Thread 0x00000255b41553f0 Exception <a 'java/lang/NoSuchMethodError'{0x0000000765da20e8}: 'java.lang.Object java.lang.invoke.DirectMethodHandle$Holder.newInvokeSpecial(java.lang.Object, java.lang.Object, int, java.lang.Object, int)'> (0x0000000765da20e8) 
thrown [s\src\hotspot\share\interpreter\linkResolver.cpp, line 759]
Event: 11.446 Thread 0x00000255b41553f0 Exception <a 'java/lang/NoSuchMethodError'{0x0000000765da61e8}: 'java.lang.Object java.lang.invoke.DirectMethodHandle$Holder.invokeSpecial(java.lang.Object, java.lang.Object, java.lang.Object, int, java.lang.Object, int)'> (0x0000000765da61e8) 
thrown [s\src\hotspot\share\interpreter\linkResolver.cpp, line 759]
Event: 11.528 Thread 0x00000255b41553f0 Exception <a 'java/lang/NoSuchMethodError'{0x0000000765be7620}: 'void java.lang.invoke.DirectMethodHandle$Holder.invokeSpecialIFC(java.lang.Object, java.lang.Object, int, java.lang.Object, java.lang.Object, java.lang.Object, java.lang.Object)'> (0x0000000765be7620) 
thrown [s\src\hotspot\share\interpreter\linkResolver.cpp, line 759]
Event: 11.658 Thread 0x00000255b4158690 Exception <a 'java/lang/NoSuchMethodError'{0x0000000765566210}: 'java.lang.Object java.lang.invoke.DirectMethodHandle$Holder.invokeSpecial(java.lang.Object, java.lang.Object, java.lang.Object, java.lang.Object, java.lang.Object, long)'> (0x0000000765566210) 
thrown [s\src\hotspot\share\interpreter\linkResolver.cpp, line 759]
Event: 11.658 Thread 0x00000255b4158690 Exception <a 'java/lang/NoSuchMethodError'{0x0000000765569c50}: 'java.lang.Object java.lang.invoke.Invokers$Holder.linkToTargetMethod(java.lang.Object, java.lang.Object, java.lang.Object, long, java.lang.Object)'> (0x0000000765569c50) 
thrown [s\src\hotspot\share\interpreter\linkResolver.cpp, line 759]

VM Operations (20 events):
Event: 269.736 Executing VM operation: G1CollectForAllocation done
Event: 269.835 Executing VM operation: G1CollectForAllocation
Event: 269.986 Executing VM operation: G1CollectForAllocation done
Event: 270.115 Executing VM operation: G1CollectForAllocation
Event: 270.116 Executing VM operation: G1CollectForAllocation done
Event: 270.499 Executing VM operation: G1CollectForAllocation
Event: 270.501 Executing VM operation: G1CollectForAllocation done
Event: 272.936 Executing VM operation: G1CollectForAllocation
Event: 272.937 Executing VM operation: G1CollectForAllocation done
Event: 273.674 Executing VM operation: G1CollectForAllocation
Event: 273.676 Executing VM operation: G1CollectForAllocation done
Event: 273.823 Executing VM operation: G1CollectForAllocation
Event: 273.824 Executing VM operation: G1CollectForAllocation done
Event: 274.050 Executing VM operation: G1CollectForAllocation
Event: 274.065 Executing VM operation: G1CollectForAllocation done
Event: 274.609 Executing VM operation: G1CollectForAllocation
Event: 274.610 Executing VM operation: G1CollectForAllocation done
Event: 274.745 Executing VM operation: G1CollectForAllocation
Event: 274.747 Executing VM operation: G1CollectForAllocation done
Event: 278.350 Executing VM operation: G1CollectForAllocation

Events (20 events):
Event: 11.866 loading class org/w3c/dom/Document done
Event: 12.447 loading class java/util/concurrent/atomic/Striped64$Cell
Event: 12.447 loading class java/util/concurrent/atomic/Striped64$Cell done
Event: 17.793 Thread 0x00000255bb087d50 Thread added: 0x00000255bb087d50
Event: 17.793 Thread 0x00000255bb084fc0 Thread added: 0x00000255bb084fc0
Event: 17.793 Thread 0x00000255bb08b500 Thread added: 0x00000255bb08b500
Event: 17.793 Thread 0x00000255bb084090 Thread added: 0x00000255bb084090
Event: 17.793 Thread 0x00000255bb089190 Thread added: 0x00000255bb089190
Event: 18.318 Thread 0x00000255b594f020 Thread exited: 0x00000255b594f020
Event: 18.456 Thread 0x00000255bbc49c20 Thread added: 0x00000255bbc49c20
Event: 19.927 Thread 0x00000255bbc49c20 Thread exited: 0x00000255bbc49c20
Event: 19.934 Thread 0x00000255bbc49c20 Thread added: 0x00000255bbc49c20
Event: 36.226 Thread 0x00000255bbc49c20 Thread exited: 0x00000255bbc49c20
Event: 90.885 Thread 0x00000255b40fb130 Thread exited: 0x00000255b40fb130
Event: 256.407 Thread 0x00000255b4105d60 Thread exited: 0x00000255b4105d60
Event: 259.258 Thread 0x00000255bb089bb0 Thread added: 0x00000255bb089bb0
Event: 259.513 Thread 0x00000255bb08aff0 Thread exited: 0x00000255bb08aff0
Event: 259.543 Thread 0x00000255bb084fc0 Thread exited: 0x00000255bb084fc0
Event: 259.560 Thread 0x00000255bb089190 Thread exited: 0x00000255bb089190
Event: 259.561 Thread 0x00000255bb08aae0 Thread exited: 0x00000255bb08aae0


Dynamic libraries:
0x00007ff78b2a0000 - 0x00007ff78b2ae000 	C:\Users\Sreenivas Bandaru\Downloads\sts-4.21.0.RELEASE\plugins\org.eclipse.justj.openjdk.hotspot.jre.full.win32.x86_64_17.0.9.v20231028-0858\jre\bin\javaw.exe
0x00007ff835bd0000 - 0x00007ff835dc8000 	C:\WINDOWS\SYSTEM32\ntdll.dll
0x00007ff834090000 - 0x00007ff83414d000 	C:\WINDOWS\System32\KERNEL32.DLL
0x00007ff8332f0000 - 0x00007ff8335e6000 	C:\WINDOWS\System32\KERNELBASE.dll
0x00007ff8336d0000 - 0x00007ff8337d0000 	C:\WINDOWS\System32\ucrtbase.dll
0x00007ff823b60000 - 0x00007ff823b77000 	C:\Users\Sreenivas Bandaru\Downloads\sts-4.21.0.RELEASE\plugins\org.eclipse.justj.openjdk.hotspot.jre.full.win32.x86_64_17.0.9.v20231028-0858\jre\bin\jli.dll
0x00007ff835100000 - 0x00007ff83529f000 	C:\WINDOWS\System32\USER32.dll
0x00007ff8335f0000 - 0x00007ff833612000 	C:\WINDOWS\System32\win32u.dll
0x00007ff834170000 - 0x00007ff83419b000 	C:\WINDOWS\System32\GDI32.dll
0x00007ff8337d0000 - 0x00007ff8338e7000 	C:\WINDOWS\System32\gdi32full.dll
0x00007ff833af0000 - 0x00007ff833b8d000 	C:\WINDOWS\System32\msvcp_win.dll
0x00007ff816980000 - 0x00007ff81699b000 	C:\Users\Sreenivas Bandaru\Downloads\sts-4.21.0.RELEASE\plugins\org.eclipse.justj.openjdk.hotspot.jre.full.win32.x86_64_17.0.9.v20231028-0858\jre\bin\VCRUNTIME140.dll
0x00007ff81a210000 - 0x00007ff81a4aa000 	C:\WINDOWS\WinSxS\amd64_microsoft.windows.common-controls_6595b64144ccf1df_6.0.19041.4355_none_60b8b9eb71f62e16\COMCTL32.dll
0x00007ff834f10000 - 0x00007ff834fae000 	C:\WINDOWS\System32\msvcrt.dll
0x00007ff8345f0000 - 0x00007ff83461f000 	C:\WINDOWS\System32\IMM32.DLL
0x00007ff8241d0000 - 0x00007ff8241dc000 	C:\Users\Sreenivas Bandaru\Downloads\sts-4.21.0.RELEASE\plugins\org.eclipse.justj.openjdk.hotspot.jre.full.win32.x86_64_17.0.9.v20231028-0858\jre\bin\vcruntime140_1.dll
0x00007fffe43e0000 - 0x00007fffe446d000 	C:\Users\Sreenivas Bandaru\Downloads\sts-4.21.0.RELEASE\plugins\org.eclipse.justj.openjdk.hotspot.jre.full.win32.x86_64_17.0.9.v20231028-0858\jre\bin\msvcp140.dll
0x00007fffc8f50000 - 0x00007fffc9bb1000 	C:\Users\Sreenivas Bandaru\Downloads\sts-4.21.0.RELEASE\plugins\org.eclipse.justj.openjdk.hotspot.jre.full.win32.x86_64_17.0.9.v20231028-0858\jre\bin\server\jvm.dll
0x00007ff833c80000 - 0x00007ff833d30000 	C:\WINDOWS\System32\ADVAPI32.dll
0x00007ff833d30000 - 0x00007ff833dd0000 	C:\WINDOWS\System32\sechost.dll
0x00007ff833dd0000 - 0x00007ff833ef3000 	C:\WINDOWS\System32\RPCRT4.dll
0x00007ff8338f0000 - 0x00007ff833917000 	C:\WINDOWS\System32\bcrypt.dll
0x00007ff833140000 - 0x00007ff83318b000 	C:\WINDOWS\SYSTEM32\POWRPROF.dll
0x00007ff82ea40000 - 0x00007ff82ea49000 	C:\WINDOWS\SYSTEM32\WSOCK32.dll
0x00007ff834020000 - 0x00007ff83408b000 	C:\WINDOWS\System32\WS2_32.dll
0x00007ff81a680000 - 0x00007ff81a6a7000 	C:\WINDOWS\SYSTEM32\WINMM.dll
0x00007ff82e7d0000 - 0x00007ff82e7da000 	C:\WINDOWS\SYSTEM32\VERSION.dll
0x00007ff833120000 - 0x00007ff833132000 	C:\WINDOWS\SYSTEM32\UMPDC.dll
0x00007ff831190000 - 0x00007ff8311a2000 	C:\WINDOWS\SYSTEM32\kernel.appcore.dll
0x00007ff82e930000 - 0x00007ff82e93a000 	C:\Users\Sreenivas Bandaru\Downloads\sts-4.21.0.RELEASE\plugins\org.eclipse.justj.openjdk.hotspot.jre.full.win32.x86_64_17.0.9.v20231028-0858\jre\bin\jimage.dll
0x00007ff8246f0000 - 0x00007ff8248d4000 	C:\WINDOWS\SYSTEM32\DBGHELP.DLL
0x00007ff8245a0000 - 0x00007ff8245d4000 	C:\WINDOWS\SYSTEM32\dbgcore.DLL
0x00007ff833be0000 - 0x00007ff833c62000 	C:\WINDOWS\System32\bcryptPrimitives.dll
0x00007ff81d4e0000 - 0x00007ff81d505000 	C:\Users\Sreenivas Bandaru\Downloads\sts-4.21.0.RELEASE\plugins\org.eclipse.justj.openjdk.hotspot.jre.full.win32.x86_64_17.0.9.v20231028-0858\jre\bin\java.dll
0x00007ff8213e0000 - 0x00007ff8213f8000 	C:\Users\Sreenivas Bandaru\Downloads\sts-4.21.0.RELEASE\plugins\org.eclipse.justj.openjdk.hotspot.jre.full.win32.x86_64_17.0.9.v20231028-0858\jre\bin\zip.dll
0x00007ff834620000 - 0x00007ff834d8c000 	C:\WINDOWS\System32\SHELL32.dll
0x00007ff831390000 - 0x00007ff831b2d000 	C:\WINDOWS\SYSTEM32\windows.storage.dll
0x00007ff835830000 - 0x00007ff835b83000 	C:\WINDOWS\System32\combase.dll
0x00007ff832c40000 - 0x00007ff832c6e000 	C:\WINDOWS\SYSTEM32\Wldp.dll
0x00007ff834e40000 - 0x00007ff834f0d000 	C:\WINDOWS\System32\OLEAUT32.dll
0x00007ff835300000 - 0x00007ff8353ad000 	C:\WINDOWS\System32\SHCORE.dll
0x00007ff835040000 - 0x00007ff835095000 	C:\WINDOWS\System32\shlwapi.dll
0x00007ff833220000 - 0x00007ff833244000 	C:\WINDOWS\SYSTEM32\profapi.dll
0x00007ff81d580000 - 0x00007ff81d599000 	C:\Users\Sreenivas Bandaru\Downloads\sts-4.21.0.RELEASE\plugins\org.eclipse.justj.openjdk.hotspot.jre.full.win32.x86_64_17.0.9.v20231028-0858\jre\bin\net.dll
0x00007ff82b460000 - 0x00007ff82b56a000 	C:\WINDOWS\SYSTEM32\WINHTTP.dll
0x00007ff8329a0000 - 0x00007ff832a0a000 	C:\WINDOWS\system32\mswsock.dll
0x00007ff816bc0000 - 0x00007ff816bd6000 	C:\Users\Sreenivas Bandaru\Downloads\sts-4.21.0.RELEASE\plugins\org.eclipse.justj.openjdk.hotspot.jre.full.win32.x86_64_17.0.9.v20231028-0858\jre\bin\nio.dll
0x00007ff803f80000 - 0x00007ff803f89000 	C:\Users\Sreenivas Bandaru\Downloads\sts-4.21.0.RELEASE\plugins\org.eclipse.justj.openjdk.hotspot.jre.full.win32.x86_64_17.0.9.v20231028-0858\jre\bin\management.dll
0x00007ff803da0000 - 0x00007ff803dab000 	C:\Users\Sreenivas Bandaru\Downloads\sts-4.21.0.RELEASE\plugins\org.eclipse.justj.openjdk.hotspot.jre.full.win32.x86_64_17.0.9.v20231028-0858\jre\bin\management_ext.dll
0x00007ff833c70000 - 0x00007ff833c78000 	C:\WINDOWS\System32\PSAPI.DLL
0x00007ff81ff20000 - 0x00007ff81ff37000 	C:\WINDOWS\system32\napinsp.dll
0x00007ff81ff00000 - 0x00007ff81ff1b000 	C:\WINDOWS\system32\pnrpnsp.dll
0x00007ff81fee0000 - 0x00007ff81fef5000 	C:\WINDOWS\system32\wshbth.dll
0x00007ff82e8e0000 - 0x00007ff82e8fd000 	C:\WINDOWS\system32\NLAapi.dll
0x00007ff832680000 - 0x00007ff8326bb000 	C:\WINDOWS\SYSTEM32\IPHLPAPI.DLL
0x00007ff8326c0000 - 0x00007ff83278a000 	C:\WINDOWS\SYSTEM32\DNSAPI.dll
0x00007ff8353b0000 - 0x00007ff8353b8000 	C:\WINDOWS\System32\NSI.dll
0x00007ff81fec0000 - 0x00007ff81fed2000 	C:\WINDOWS\System32\winrnr.dll
0x00007ff82b6f0000 - 0x00007ff82b6fa000 	C:\Windows\System32\rasadhlp.dll
0x00007ff82b2c0000 - 0x00007ff82b340000 	C:\WINDOWS\System32\fwpuclnt.dll
0x00007ff832ba0000 - 0x00007ff832bb8000 	C:\WINDOWS\SYSTEM32\CRYPTSP.dll
0x00007ff8322c0000 - 0x00007ff8322f4000 	C:\WINDOWS\system32\rsaenh.dll
0x00007ff833190000 - 0x00007ff8331be000 	C:\WINDOWS\SYSTEM32\USERENV.dll
0x00007ff832b90000 - 0x00007ff832b9c000 	C:\WINDOWS\SYSTEM32\CRYPTBASE.dll
0x00007ff82ba80000 - 0x00007ff82ba97000 	C:\WINDOWS\SYSTEM32\dhcpcsvc6.DLL
0x00007ff82e5c0000 - 0x00007ff82e5dd000 	C:\WINDOWS\SYSTEM32\dhcpcsvc.DLL
0x00007ff824350000 - 0x00007ff82435e000 	C:\Users\Sreenivas Bandaru\Downloads\sts-4.21.0.RELEASE\plugins\org.eclipse.justj.openjdk.hotspot.jre.full.win32.x86_64_17.0.9.v20231028-0858\jre\bin\sunmscapi.dll
0x00007ff833990000 - 0x00007ff833aee000 	C:\WINDOWS\System32\CRYPT32.dll
0x00007ff832cb0000 - 0x00007ff832cd9000 	C:\WINDOWS\SYSTEM32\ncrypt.dll
0x00007ff832c70000 - 0x00007ff832cab000 	C:\WINDOWS\SYSTEM32\NTASN1.dll
0x00007ff82e2c0000 - 0x00007ff82e2d0000 	C:\Users\Sreenivas Bandaru\Downloads\sts-4.21.0.RELEASE\plugins\org.eclipse.justj.openjdk.hotspot.jre.full.win32.x86_64_17.0.9.v20231028-0858\jre\bin\verify.dll
0x00007ff805b30000 - 0x00007ff805b37000 	C:\WINDOWS\system32\wshunix.dll

dbghelp: loaded successfully - version: 4.0.5 - missing functions: none
symbol engine: initialized successfully - sym options: 0x614 - pdb path: .;C:\Users\Sreenivas Bandaru\Downloads\sts-4.21.0.RELEASE\plugins\org.eclipse.justj.openjdk.hotspot.jre.full.win32.x86_64_17.0.9.v20231028-0858\jre\bin;C:\WINDOWS\SYSTEM32;C:\WINDOWS\WinSxS\amd64_microsoft.windows.common-controls_6595b64144ccf1df_6.0.19041.4355_none_60b8b9eb71f62e16;C:\Users\Sreenivas Bandaru\Downloads\sts-4.21.0.RELEASE\plugins\org.eclipse.justj.openjdk.hotspot.jre.full.win32.x86_64_17.0.9.v20231028-0858\jre\bin\server

VM Arguments:
jvm_args: -Dcom.sun.management.jmxremote -Dcom.sun.management.jmxremote.port=51311 -Dcom.sun.management.jmxremote.authenticate=false -Dcom.sun.management.jmxremote.ssl=false -Djava.rmi.server.hostname=localhost -Dspring.jmx.enabled=true -Dmanagement.endpoints.jmx.exposure.include=* -Dspring.application.admin.enabled=true -XX:TieredStopAtLevel=1 -Dspring.boot.project.name=UniversityService -Dfile.encoding=UTF-8 -Dstdout.encoding=UTF-8 -Dstderr.encoding=UTF-8 -XX:+ShowCodeDetailsInExceptionMessages 
java_command: com.eidiko.EidikoUniversityApplication --spring.output.ansi.enabled=always
java_class_path (initial): C:\Users\Sreenivas Bandaru\Documents\workspace-spring-tool-suite-4-4.21.0.RELEASE\Eidiko-Application\UniversityService\target\classes;C:\Users\Sreenivas Bandaru\.m2\repository\org\springframework\boot\spring-boot-starter-validation\3.3.0\spring-boot-starter-validation-3.3.0.jar;C:\Users\Sreenivas Bandaru\.m2\repository\org\apache\tomcat\embed\tomcat-embed-el\10.1.24\tomcat-embed-el-10.1.24.jar;C:\Users\Sreenivas Bandaru\.m2\repository\org\hibernate\validator\hibernate-validator\8.0.1.Final\hibernate-validator-8.0.1.Final.jar;C:\Users\Sreenivas Bandaru\.m2\repository\jakarta\validation\jakarta.validation-api\3.0.2\jakarta.validation-api-3.0.2.jar;C:\Users\Sreenivas Bandaru\.m2\repository\org\jboss\logging\jboss-logging\3.5.3.Final\jboss-logging-3.5.3.Final.jar;C:\Users\Sreenivas Bandaru\.m2\repository\com\fasterxml\classmate\1.7.0\classmate-1.7.0.jar;C:\Users\Sreenivas Bandaru\.m2\repository\org\springframework\boot\spring-boot-starter-web\3.3.0\spring-boot-starter-web-3.3.0.jar;C:\Users\Sreenivas Bandaru\.m2\repository\org\springframework\boot\spring-boot-starter-json\3.3.0\spring-boot-starter-json-3.3.0.jar;C:\Users\Sreenivas Bandaru\.m2\repository\com\fasterxml\jackson\datatype\jackson-datatype-jdk8\2.17.1\jackson-datatype-jdk8-2.17.1.jar;C:\Users\Sreenivas Bandaru\.m2\repository\com\fasterxml\jackson\datatype\jackson-datatype-jsr310\2.17.1\jackson-datatype-jsr310-2.17.1.jar;C:\Users\Sreenivas Bandaru\.m2\repository\com\fasterxml\jackson\module\jackson-module-parameter-names\2.17.1\jackson-module-parameter-names-2.17.1.jar;C:\Users\Sreenivas Bandaru\.m2\repository\org\springframework\boot\spring-boot-starter-tomcat\3.3.0\spring-boot-starter-tomcat-3.3.0.jar;C:\Users\Sreenivas Bandaru\.m2\repository\org\apache\tomcat\embed\tomcat-embed-core\10.1.24\tomcat-embed-core-10.1.24.jar;C:\Users\Sreenivas Bandaru\.m2\repository\org\apache\tomcat\embed\tomcat-embed-websocket\10.1.24\tomcat-embed-websocket-10.1.24.jar;C:\Users\Sreenivas Bandaru\.m
Launcher Type: SUN_STANDARD

[Global flags]
     intx CICompilerCount                          = 2                                         {product} {ergonomic}
     uint ConcGCThreads                            = 1                                         {product} {ergonomic}
     uint G1ConcRefinementThreads                  = 3                                         {product} {ergonomic}
   size_t G1HeapRegionSize                         = 2097152                                   {product} {ergonomic}
    uintx GCDrainStackTargetSize                   = 64                                        {product} {ergonomic}
   size_t InitialHeapSize                          = 167772160                                 {product} {ergonomic}
     bool ManagementServer                         = true                                      {product} {command line}
   size_t MarkStackSize                            = 4194304                                   {product} {ergonomic}
   size_t MaxHeapSize                              = 2684354560                                {product} {ergonomic}
   size_t MaxNewSize                               = 1610612736                                {product} {ergonomic}
   size_t MinHeapDeltaBytes                        = 2097152                                   {product} {ergonomic}
   size_t MinHeapSize                              = 8388608                                   {product} {ergonomic}
    uintx NonProfiledCodeHeapSize                  = 0                                      {pd product} {ergonomic}
     bool ProfileInterpreter                       = false                                  {pd product} {command line}
    uintx ProfiledCodeHeapSize                     = 0                                      {pd product} {ergonomic}
     bool ShowCodeDetailsInExceptionMessages       = true                                   {manageable} {command line}
   size_t SoftMaxHeapSize                          = 2684354560                             {manageable} {ergonomic}
     intx TieredStopAtLevel                        = 1                                         {product} {command line}
     bool UseCompressedClassPointers               = true                           {product lp64_product} {ergonomic}
     bool UseCompressedOops                        = true                           {product lp64_product} {ergonomic}
     bool UseG1GC                                  = true                                      {product} {ergonomic}
     bool UseLargePagesIndividualAllocation        = false                                  {pd product} {ergonomic}

Logging:
Log output configuration:
 #0: stdout all=warning uptime,level,tags
 #1: stderr all=off uptime,level,tags

Environment Variables:
PATH=C:/Users/Sreenivas Bandaru/Downloads/sts-4.21.0.RELEASE//plugins/org.eclipse.justj.openjdk.hotspot.jre.full.win32.x86_64_17.0.9.v20231028-0858/jre/bin/server;C:/Users/Sreenivas Bandaru/Downloads/sts-4.21.0.RELEASE//plugins/org.eclipse.justj.openjdk.hotspot.jre.full.win32.x86_64_17.0.9.v20231028-0858/jre/bin;C:\Program Files\Python312\Scripts\;C:\Program Files\Python312\;C:\Program Files\Common Files\Oracle\Java\javapath;C:\Program Files\Java\jdk1.8.0_102\bin;C:\Program Files\Java\jdk-17\bin;C:\Program Files\Git\cmd;C:\Program Files\nodejs\;C:\ProgramData\chocolatey\bin;C:\Users\Sreenivas Bandaru\AppData\Local\Microsoft\WindowsApps;C:\Users\Sreenivas Bandaru\AppData\Local\Programs\Microsoft VS Code\bin;C:\Users\Sreenivas Bandaru\AppData\Roaming\npm;C:\Users\Sreenivas Bandaru\Downloads\sts-4.21.0.RELEASE;
USERNAME=Sreenivas Bandaru
OS=Windows_NT
PROCESSOR_IDENTIFIER=Intel64 Family 6 Model 165 Stepping 3, GenuineIntel
TMP=C:\Users\SREENI~1\AppData\Local\Temp
TEMP=C:\Users\SREENI~1\AppData\Local\Temp



Periodic native trim disabled


---------------  S Y S T E M  ---------------

OS:
 Windows 10 , 64 bit Build 19041 (10.0.19041.3636)
OS uptime: 0 days 0:20 hours

CPU: total 3 (initial active 3) (3 cores per cpu, 1 threads per core) family 6 model 165 stepping 3 microcode 0x0, cx8, cmov, fxsr, mmx, 3dnowpref, sse, sse2, sse3, ssse3, sse4.1, sse4.2, popcnt, lzcnt, tsc, tscinvbit, avx, avx2, aes, clmul, vzeroupper, clflush, clflushopt, hv
Processor Information for all 3 processors :
  Max Mhz: 3096, Current Mhz: 3096, Mhz Limit: 3096

Memory: 4k page, system-wide physical 10239M (532M free)
TotalPageFile size 25472M (AvailPageFile size 4M)
current process WorkingSet (physical memory assigned to process): 123M, peak: 312M
current process commit charge ("private bytes"): 331M, peak: 406M

vm_info: OpenJDK 64-Bit Server VM (17.0.9+9) for windows-amd64 JRE (17.0.9+9), built on Oct 26 2023 14:01:42 by "admin" with MS VC++ 16.10 / 16.11 (VS2019)

END.
